<?xml version="1.0" encoding="UTF-8"?>
<!-- Generated by org.testng.reporters.JUnitReportReporter -->
<testsuite hostname="Abhishek" failures="0" tests="1" name="com.eBankingAutomationV1.testCases.TC_AddNewCustomerTest_002" time="11.492" errors="0" timestamp="2022-02-27T21:58:51 IST" skipped="0">
  <testcase classname="com.eBankingAutomationV1.testCases.TC_AddNewCustomerTest_002" name="addNewCustomer" time="11.492"/>
  <system-out/>
</testsuite> <!-- com.eBankingAutomationV1.testCases.TC_AddNewCustomerTest_002 -->
