<?xml version="1.0" encoding="UTF-8"?>
<!-- Generated by org.testng.reporters.JUnitReportReporter -->
<testsuite hostname="Abhishek" failures="0" tests="1" name="com.eBankingAutomationV1.testCases.TC_LoginTest_001" time="1.921" errors="0" timestamp="2022-02-28T01:12:12 IST" skipped="0">
  <testcase classname="com.eBankingAutomationV1.testCases.TC_LoginTest_001" name="loginTest" time="1.921"/>
  <system-out/>
</testsuite> <!-- com.eBankingAutomationV1.testCases.TC_LoginTest_001 -->
